16:55:44 **** Incremental Build of configuration Debug for project 003Add ****
make -j8 all 
arm-none-eabi-gcc -mcpu=cortex-m4 -g3 -DDEBUG -c -x assembler-with-cpp -MMD -MP -MF"Startup/startup_stm32f407vgtx.d" -MT"Startup/startup_stm32f407vgtx.o" --specs=nano.specs -mfloat-abi=soft -mthumb -o "Startup/startup_stm32f407vgtx.o" "../Startup/startup_stm32f407vgtx.s"
arm-none-eabi-gcc "../Src/main.c" -mcpu=cortex-m4 -std=gnu11 -g3 -DDEBUG -DSTM32 -DSTM32F407G_DISC1 -DSTM32F4 -DSTM32F407VGTx -c -I../Inc -O0 -ffunction-sections -fdata-sections -Wall -save-temps -fstack-usage -MMD -MP -MF"Src/main.d" -MT"Src/main.o" --specs=nano.specs -mfloat-abi=soft -mthumb -o "Src/main.o"
arm-none-eabi-gcc "../Src/syscalls.c" -mcpu=cortex-m4 -std=gnu11 -g3 -DDEBUG -DSTM32 -DSTM32F407G_DISC1 -DSTM32F4 -DSTM32F407VGTx -c -I../Inc -O0 -ffunction-sections -fdata-sections -Wall -save-temps -fstack-usage -MMD -MP -MF"Src/syscalls.d" -MT"Src/syscalls.o" --specs=nano.specs -mfloat-abi=soft -mthumb -o "Src/syscalls.o"
arm-none-eabi-gcc "../Src/sysmem.c" -mcpu=cortex-m4 -std=gnu11 -g3 -DDEBUG -DSTM32 -DSTM32F407G_DISC1 -DSTM32F4 -DSTM32F407VGTx -c -I../Inc -O0 -ffunction-sections -fdata-sections -Wall -save-temps -fstack-usage -MMD -MP -MF"Src/sysmem.d" -MT"Src/sysmem.o" --specs=nano.specs -mfloat-abi=soft -mthumb -o "Src/sysmem.o"
arm-none-eabi-gcc -o "003Add.elf" @"objects.list"   -mcpu=cortex-m4 -T"C:\Users\dwhitney\Documents\udemy\Embedded-C\My_Workspace\target\003Add\STM32F407VGTX_FLASH.ld" --specs=nosys.specs -Wl,-Map="003Add.map" -Wl,--gc-sections -static --specs=nano.specs -mfloat-abi=soft -mthumb -Wl,--start-group -lc -lm -Wl,--end-group
Finished building target: 003Add.elf
 
arm-none-eabi-size   003Add.elf 
arm-none-eabi-objdump -h -S  003Add.elf  > "003Add.list"
   text	   data	    bss	    dec	    hex	filename
   5216	    116	   1596	   6928	   1b10	003Add.elf
arm-none-eabi-objcopy  -O binary  003Add.elf  "003Add.bin"
Finished building: default.size.stdout
 
Finished building: 003Add.list
 
Finished building: 003Add.bin
 
16:56:18 **** Incremental Build of configuration Debug for project 003Add ****
make -j8 all 
arm-none-eabi-size   003Add.elf 
   text	   data	    bss	    dec	    hex	filename
   5216	    116	   1596	   6928	   1b10	003Add.elf
Finished building: default.size.stdout
 
08:31:39 **** Incremental Build of configuration Debug for project 003Add ****
make -j8 all 
arm-none-eabi-size   003Add.elf 
   text	   data	    bss	    dec	    hex	filename
   5216	    116	   1596	   6928	   1b10	003Add.elf
Finished building: default.size.stdout
 
08:37:41 **** Incremental Build of configuration Debug for project 003Add ****
make -j8 all 
arm-none-eabi-size   003Add.elf 
   text	   data	    bss	    dec	    hex	filename
   5216	    116	   1596	   6928	   1b10	003Add.elf
Finished building: default.size.stdout
 
13:12:30 **** Incremental Build of configuration Debug for project 003Add ****
make -j8 all 
arm-none-eabi-size   003Add.elf 
   text	   data	    bss	    dec	    hex	filename
   5216	    116	   1596	   6928	   1b10	003Add.elf
Finished building: default.size.stdout
 
